<?xml version="1.0" encoding="UTF-8"?>
<testsuite xmlns:xsi="http://www.w3.org/2001/XMLSchema-instance" xsi:noNamespaceSchemaLocation="https://maven.apache.org/surefire/maven-surefire-plugin/xsd/surefire-test-report-3.0.xsd" version="3.0" name="api.TriangleTest" time="0.126" tests="15" errors="0" skipped="0" failures="0">
  <properties>
    <property name="sun.desktop" value="windows"/>
    <property name="awt.toolkit" value="sun.awt.windows.WToolkit"/>
    <property name="java.specification.version" value="11"/>
    <property name="log4j.configurationFile" value="logback.xml"/>
    <property name="sun.cpu.isalist" value="amd64"/>
    <property name="sun.jnu.encoding" value="Cp1251"/>
    <property name="java.class.path" value="C:\Users\Viktoryia\IdeaProjects\TriangleSquare\target\test-classes;C:\Users\Viktoryia\IdeaProjects\TriangleSquare\target\classes;C:\Users\Viktoryia\.m2\repository\org\junit\vintage\junit-vintage-engine\5.4.0\junit-vintage-engine-5.4.0.jar;C:\Users\Viktoryia\.m2\repository\org\apiguardian\apiguardian-api\1.0.0\apiguardian-api-1.0.0.jar;C:\Users\Viktoryia\.m2\repository\junit\junit\4.12\junit-4.12.jar;C:\Users\Viktoryia\.m2\repository\org\hamcrest\hamcrest-core\1.3\hamcrest-core-1.3.jar;C:\Users\Viktoryia\.m2\repository\org\junit\platform\junit-platform-engine\1.8.2\junit-platform-engine-1.8.2.jar;C:\Users\Viktoryia\.m2\repository\org\opentest4j\opentest4j\1.2.0\opentest4j-1.2.0.jar;C:\Users\Viktoryia\.m2\repository\org\junit\platform\junit-platform-commons\1.8.2\junit-platform-commons-1.8.2.jar;C:\Users\Viktoryia\.m2\repository\org\junit\platform\junit-platform-launcher\1.8.2\junit-platform-launcher-1.8.2.jar;C:\Users\Viktoryia\.m2\repository\org\junit\jupiter\junit-jupiter-engine\5.8.2\junit-jupiter-engine-5.8.2.jar;C:\Users\Viktoryia\.m2\repository\org\junit\jupiter\junit-jupiter-api\5.8.2\junit-jupiter-api-5.8.2.jar;C:\Users\Viktoryia\.m2\repository\org\junit\jupiter\junit-jupiter-params\5.8.2\junit-jupiter-params-5.8.2.jar;C:\Users\Viktoryia\.m2\repository\ch\qos\logback\logback-classic\1.3.0-alpha16\logback-classic-1.3.0-alpha16.jar;C:\Users\Viktoryia\.m2\repository\ch\qos\logback\logback-core\1.3.0-alpha16\logback-core-1.3.0-alpha16.jar;C:\Users\Viktoryia\.m2\repository\org\slf4j\slf4j-api\1.7.36\slf4j-api-1.7.36.jar;"/>
    <property name="java.vm.vendor" value="Oracle Corporation"/>
    <property name="sun.arch.data.model" value="64"/>
    <property name="user.variant" value=""/>
    <property name="java.vendor.url" value="https://openjdk.java.net/"/>
    <property name="user.timezone" value="Europe/Belgrade"/>
    <property name="java.vm.specification.version" value="11"/>
    <property name="os.name" value="Windows 10"/>
    <property name="sun.java.launcher" value="SUN_STANDARD"/>
    <property name="user.country" value="RU"/>
    <property name="sun.boot.library.path" value="C:\Program Files\Java\jdk-11.0.14\bin"/>
    <property name="sun.java.command" value="C:\Temp\surefire361374257871991109\surefirebooter-20220627103554985_3.jar C:\Temp\surefire361374257871991109 2022-06-27T10-35-54_724-jvmRun1 surefire-20220627103554985_1tmp surefire_0-20220627103554985_2tmp"/>
    <property name="jdk.debug" value="release"/>
    <property name="surefire.test.class.path" value="C:\Users\Viktoryia\IdeaProjects\TriangleSquare\target\test-classes;C:\Users\Viktoryia\IdeaProjects\TriangleSquare\target\classes;C:\Users\Viktoryia\.m2\repository\org\junit\vintage\junit-vintage-engine\5.4.0\junit-vintage-engine-5.4.0.jar;C:\Users\Viktoryia\.m2\repository\org\apiguardian\apiguardian-api\1.0.0\apiguardian-api-1.0.0.jar;C:\Users\Viktoryia\.m2\repository\junit\junit\4.12\junit-4.12.jar;C:\Users\Viktoryia\.m2\repository\org\hamcrest\hamcrest-core\1.3\hamcrest-core-1.3.jar;C:\Users\Viktoryia\.m2\repository\org\junit\platform\junit-platform-engine\1.8.2\junit-platform-engine-1.8.2.jar;C:\Users\Viktoryia\.m2\repository\org\opentest4j\opentest4j\1.2.0\opentest4j-1.2.0.jar;C:\Users\Viktoryia\.m2\repository\org\junit\platform\junit-platform-commons\1.8.2\junit-platform-commons-1.8.2.jar;C:\Users\Viktoryia\.m2\repository\org\junit\platform\junit-platform-launcher\1.8.2\junit-platform-launcher-1.8.2.jar;C:\Users\Viktoryia\.m2\repository\org\junit\jupiter\junit-jupiter-engine\5.8.2\junit-jupiter-engine-5.8.2.jar;C:\Users\Viktoryia\.m2\repository\org\junit\jupiter\junit-jupiter-api\5.8.2\junit-jupiter-api-5.8.2.jar;C:\Users\Viktoryia\.m2\repository\org\junit\jupiter\junit-jupiter-params\5.8.2\junit-jupiter-params-5.8.2.jar;C:\Users\Viktoryia\.m2\repository\ch\qos\logback\logback-classic\1.3.0-alpha16\logback-classic-1.3.0-alpha16.jar;C:\Users\Viktoryia\.m2\repository\ch\qos\logback\logback-core\1.3.0-alpha16\logback-core-1.3.0-alpha16.jar;C:\Users\Viktoryia\.m2\repository\org\slf4j\slf4j-api\1.7.36\slf4j-api-1.7.36.jar;"/>
    <property name="sun.cpu.endian" value="little"/>
    <property name="user.home" value="C:\Users\Viktoryia"/>
    <property name="user.language" value="ru"/>
    <property name="java.specification.vendor" value="Oracle Corporation"/>
    <property name="java.version.date" value="2022-01-18"/>
    <property name="java.home" value="C:\Program Files\Java\jdk-11.0.14"/>
    <property name="file.separator" value="\"/>
    <property name="basedir" value="C:\Users\Viktoryia\IdeaProjects\TriangleSquare"/>
    <property name="java.vm.compressedOopsMode" value="32-bit"/>
    <property name="line.separator" value="&#10;"/>
    <property name="java.specification.name" value="Java Platform API Specification"/>
    <property name="java.vm.specification.vendor" value="Oracle Corporation"/>
    <property name="java.awt.graphicsenv" value="sun.awt.Win32GraphicsEnvironment"/>
    <property name="surefire.real.class.path" value="C:\Temp\surefire361374257871991109\surefirebooter-20220627103554985_3.jar"/>
    <property name="user.script" value=""/>
    <property name="sun.management.compiler" value="HotSpot 64-Bit Tiered Compilers"/>
    <property name="java.runtime.version" value="11.0.14+8-LTS-263"/>
    <property name="user.name" value="Viktoryia"/>
    <property name="path.separator" value=";"/>
    <property name="os.version" value="10.0"/>
    <property name="java.runtime.name" value="Java(TM) SE Runtime Environment"/>
    <property name="file.encoding" value="Cp1251"/>
    <property name="java.vm.name" value="Java HotSpot(TM) 64-Bit Server VM"/>
    <property name="java.vendor.version" value="18.9"/>
    <property name="localRepository" value="C:\Users\Viktoryia\.m2\repository"/>
    <property name="java.vendor.url.bug" value="https://bugreport.java.com/bugreport/"/>
    <property name="java.io.tmpdir" value="C:\Temp\"/>
    <property name="idea.version" value="2022.1.1"/>
    <property name="java.version" value="11.0.14"/>
    <property name="user.dir" value="C:\Users\Viktoryia\IdeaProjects\TriangleSquare"/>
    <property name="os.arch" value="amd64"/>
    <property name="java.vm.specification.name" value="Java Virtual Machine Specification"/>
    <property name="java.awt.printerjob" value="sun.awt.windows.WPrinterJob"/>
    <property name="sun.os.patch.level" value=""/>
    <property name="java.library.path" value="C:\Program Files\Java\jdk-11.0.14\bin;C:\Windows\Sun\Java\bin;C:\Windows\system32;C:\Windows;C:\Program Files\Common Files\Oracle\Java\javapath;C:\Windows\system32;C:\Windows;C:\Windows\System32\Wbem;C:\Windows\System32\WindowsPowerShell\v1.0\;C:\Program Files\Git\cmd;C:\Users\Viktoryia\AppData\Local\Microsoft\WindowsApps;;C:\Users\Viktoryia\AppData\Local\Programs\Microsoft VS Code\bin;C:\Program Files\JetBrains\IntelliJ IDEA Community Edition 2022.1.1\bin;;."/>
    <property name="java.vendor" value="Oracle Corporation"/>
    <property name="java.vm.info" value="mixed mode"/>
    <property name="java.vm.version" value="11.0.14+8-LTS-263"/>
    <property name="sun.io.unicode.encoding" value="UnicodeLittle"/>
    <property name="java.class.version" value="55.0"/>
  </properties>
  <testcase name="zeroSquareTriangle(double, double, double)[1]" classname="api.TriangleTest" time="0.031">
    <system-out><![CDATA[Square: 0.0
]]></system-out>
  </testcase>
  <testcase name="zeroSquareTriangle(double, double, double)[2]" classname="api.TriangleTest" time="0">
    <system-out><![CDATA[Square: 0.0
]]></system-out>
  </testcase>
  <testcase name="zeroSquareTriangle(double, double, double)[3]" classname="api.TriangleTest" time="0">
    <system-out><![CDATA[Square: 0.0
]]></system-out>
  </testcase>
  <testcase name="negativeSide(double, double, double)[1]" classname="api.TriangleTest" time="0">
    <system-out><![CDATA[It can`t be a triangle. Side c is -5.0
]]></system-out>
  </testcase>
  <testcase name="negativeSide(double, double, double)[2]" classname="api.TriangleTest" time="0">
    <system-out><![CDATA[It can`t be a triangle. Side b is -5.0
]]></system-out>
  </testcase>
  <testcase name="negativeSide(double, double, double)[3]" classname="api.TriangleTest" time="0">
    <system-out><![CDATA[It can`t be a triangle. Side a is -1.5
]]></system-out>
  </testcase>
  <testcase name="incorrectTriangle(double, double, double)[1]" classname="api.TriangleTest" time="0">
    <system-out><![CDATA[It can`t be a triangle. Length of the b and c sum is less than a
]]></system-out>
  </testcase>
  <testcase name="incorrectTriangle(double, double, double)[2]" classname="api.TriangleTest" time="0">
    <system-out><![CDATA[It can`t be a triangle. Length of the a and b sum is less than c
]]></system-out>
  </testcase>
  <testcase name="incorrectTriangle(double, double, double)[3]" classname="api.TriangleTest" time="0">
    <system-out><![CDATA[It can`t be a triangle. Length of the a and c sum is less than b
]]></system-out>
  </testcase>
  <testcase name="zeroSide(double, double, double)[1]" classname="api.TriangleTest" time="0">
    <system-out><![CDATA[It can`t be a triangle. Side a is 0.0
]]></system-out>
  </testcase>
  <testcase name="zeroSide(double, double, double)[2]" classname="api.TriangleTest" time="0">
    <system-out><![CDATA[It can`t be a triangle. Side b is 0.0
]]></system-out>
  </testcase>
  <testcase name="zeroSide(double, double, double)[3]" classname="api.TriangleTest" time="0">
    <system-out><![CDATA[It can`t be a triangle. Side c is 0.0
]]></system-out>
  </testcase>
  <testcase name="positiveSquareTriangle(double, double, double, double)[1]" classname="api.TriangleTest" time="0">
    <system-out><![CDATA[Square: 6.0
]]></system-out>
  </testcase>
  <testcase name="positiveSquareTriangle(double, double, double, double)[2]" classname="api.TriangleTest" time="0">
    <system-out><![CDATA[Square: 58.50999914544522
]]></system-out>
  </testcase>
  <testcase name="positiveSquareTriangle(double, double, double, double)[3]" classname="api.TriangleTest" time="0">
    <system-out><![CDATA[Square: 55997.120861558615
]]></system-out>
  </testcase>
</testsuite>